<?xml version="1.0" encoding="UTF-8"?>
<!-- Generated by org.testng.reporters.JUnitXMLReporter -->
<testsuite hostname="LINUX0000914DEL" ignored="0" name="Different testng Features Test" tests="26" failures="2" timestamp="2021-04-05T12:59:59 IST" time="159.357" errors="0">
  <testcase name="infiniteLoopTest" time="0.008" classname="com.TestNG.ExceptionTimeOutTest"/>
  <testcase name="test1" time="0.001" classname="com.TestNG.ExceptionTimeOutTest"/>
  <testcase name="googleTitleTest" time="0.021" classname="com.TestNG.GoogleTest"/>
  <testcase name="googleLogoTest" time="60.16" classname="com.TestNG.GoogleTest">
    <failure type="org.openqa.selenium.NoSuchFrameException" message="No frame element found by name or id backgroundImage
Build info: version: &amp;apos;3.141.59&amp;apos;, revision: &amp;apos;e82be7d358&amp;apos;, time: &amp;apos;2018-11-14T08:25:48&amp;apos;
System info: host: &amp;apos;LINUX0000914DEL&amp;apos;, ip: &amp;apos;192.168.1.9&amp;apos;, os.name: &amp;apos;Windows 10&amp;apos;, os.arch: &amp;apos;amd64&amp;apos;, os.version: &amp;apos;10.0&amp;apos;, java.version: &amp;apos;1.8.0_281&amp;apos;
Driver info: driver.version: unknown">
      <![CDATA[org.openqa.selenium.NoSuchFrameException: No frame element found by name or id backgroundImage
Build info: version: '3.141.59', revision: 'e82be7d358', time: '2018-11-14T08:25:48'
System info: host: 'LINUX0000914DEL', ip: '192.168.1.9', os.name: 'Windows 10', os.arch: 'amd64', os.version: '10.0', java.version: '1.8.0_281'
Driver info: driver.version: unknown
at org.openqa.selenium.remote.RemoteWebDriver$RemoteTargetLocator.frame(RemoteWebDriver.java:885)
at com.TestNG.GoogleTest.googleLogoTest(GoogleTest.java:35)
at java.util.ArrayList.forEach(Unknown Source)
... Removed 27 stack frames]]>
    </failure>
  </testcase> <!-- googleLogoTest -->
  <testcase name="test3" time="0.001" classname="com.TestNG.GoogleTest"/>
  <testcase name="test4" time="0.003" classname="com.TestNG.GoogleTest"/>
  <testcase name="test5" time="0.004" classname="com.TestNG.GoogleTest"/>
  <testcase name="test6" time="0.002" classname="com.TestNG.GoogleTest"/>
  <testcase name="googleTitleTest" time="0.013" classname="com.TestNG.GoogleTitleTest"/>
  <testcase name="googleLogoTest" time="60.067" classname="com.TestNG.GoogleTitleTest">
    <failure type="org.openqa.selenium.NoSuchFrameException" message="No frame element found by name or id backgroundImage
Build info: version: &amp;apos;3.141.59&amp;apos;, revision: &amp;apos;e82be7d358&amp;apos;, time: &amp;apos;2018-11-14T08:25:48&amp;apos;
System info: host: &amp;apos;LINUX0000914DEL&amp;apos;, ip: &amp;apos;192.168.1.9&amp;apos;, os.name: &amp;apos;Windows 10&amp;apos;, os.arch: &amp;apos;amd64&amp;apos;, os.version: &amp;apos;10.0&amp;apos;, java.version: &amp;apos;1.8.0_281&amp;apos;
Driver info: driver.version: unknown">
      <![CDATA[org.openqa.selenium.NoSuchFrameException: No frame element found by name or id backgroundImage
Build info: version: '3.141.59', revision: 'e82be7d358', time: '2018-11-14T08:25:48'
System info: host: 'LINUX0000914DEL', ip: '192.168.1.9', os.name: 'Windows 10', os.arch: 'amd64', os.version: '10.0', java.version: '1.8.0_281'
Driver info: driver.version: unknown
at org.openqa.selenium.remote.RemoteWebDriver$RemoteTargetLocator.frame(RemoteWebDriver.java:885)
at com.TestNG.GoogleTitleTest.googleLogoTest(GoogleTitleTest.java:37)
at java.util.ArrayList.forEach(Unknown Source)
... Removed 27 stack frames]]>
    </failure>
  </testcase> <!-- googleLogoTest -->
  <testcase name="sum" time="0.002" classname="com.TestNG.InvocationCountTest"/>
  <testcase name="sum" time="0.002" classname="com.TestNG.InvocationCountTest"/>
  <testcase name="sum" time="0.002" classname="com.TestNG.InvocationCountTest"/>
  <testcase name="sum" time="0.003" classname="com.TestNG.InvocationCountTest"/>
  <testcase name="sum" time="0.003" classname="com.TestNG.InvocationCountTest"/>
  <testcase name="sum" time="0.002" classname="com.TestNG.InvocationCountTest"/>
  <testcase name="sum" time="0.001" classname="com.TestNG.InvocationCountTest"/>
  <testcase name="sum" time="0.001" classname="com.TestNG.InvocationCountTest"/>
  <testcase name="sum" time="0.001" classname="com.TestNG.InvocationCountTest"/>
  <testcase name="sum" time="0.0" classname="com.TestNG.InvocationCountTest"/>
  <testcase name="googleTitleTest" time="0.001" classname="com.TestNG.TestNGBasics"/>
  <testcase name="loginTest" time="0.0" classname="com.TestNG.TestNGFeatures"/>
  <testcase name="homepageTest" time="0.001" classname="com.TestNG.TestNGFeatures"/>
  <testcase name="regisPage" time="0.0" classname="com.TestNG.TestNGFeatures"/>
  <testcase name="searchPageTest" time="0.001" classname="com.TestNG.TestNGFeatures"/>
  <testcase name="yahooLoginTest" time="4.596" classname="com.parameters.ParameterTest"/>
</testsuite> <!-- Different testng Features Test -->
